{
  "RSpec": {
    "coverage": {
      "/Users/ktwotwo/Project/stwotwo/spec/controllers/leads_controller_spec.rb": [
        1,
        null,
        1,
        null,
        null
      ],
      "/Users/ktwotwo/Project/stwotwo/spec/rails_helper.rb": [
        1,
        1,
        1,
        1,
        1,
        1,
        1,
        1,
        1,
        1,
        null,
        1,
        null,
        1,
        1,
        null,
        1,
        null,
        1,
        null,
        1,
        null,
        1,
        3,
        3,
        3,
        null,
        null,
        1,
        1,
        null,
        null,
        1,
        14,
        14,
        null,
        null,
        null,
        null,
        1,
        1,
        1,
        1,
        null,
        null,
        null,
        1,
        1,
        1,
        1,
        null
      ],
      "/Users/ktwotwo/Project/stwotwo/config/environment.rb": [
        null,
        1,
        null,
        null,
        1
      ],
      "/Users/ktwotwo/Project/stwotwo/config/application.rb": [
        1,
        null,
        1,
        null,
        1,
        1,
        1,
        1,
        1,
        1,
        1,
        1,
        null,
        null,
        null,
        null,
        1,
        null,
        1,
        1,
        null,
        null,
        null,
        null,
        null
      ],
      "/Users/ktwotwo/Project/stwotwo/config/boot.rb": [
        1,
        null,
        1
      ],
      "/Users/ktwotwo/Project/stwotwo/config/environments/test.rb": [
        1,
        null,
        null,
        null,
        null,
        null,
        null,
        1,
        null,
        null,
        null,
        null,
        1,
        null,
        null,
        1,
        1,
        null,
        null,
        null,
        null,
        1,
        1,
        null,
        null,
        1,
        null,
        null,
        1,
        1,
        null,
        null,
        null,
        null,
        1,
        null,
        null,
        1,
        null,
        null,
        null,
        null
      ],
      "/Users/ktwotwo/Project/stwotwo/config/initializers/application_controller_renderer.rb": [
        null,
        null,
        null,
        null,
        null,
        null
      ],
      "/Users/ktwotwo/Project/stwotwo/config/initializers/assets.rb": [
        null,
        null,
        null,
        1,
        null,
        null,
        null,
        null,
        null,
        null,
        null
      ],
      "/Users/ktwotwo/Project/stwotwo/config/initializers/backtrace_silencers.rb": [
        null,
        null,
        null,
        null,
        null,
        null,
        null
      ],
      "/Users/ktwotwo/Project/stwotwo/config/initializers/cookies_serializer.rb": [
        null,
        null,
        null,
        null,
        1
      ],
      "/Users/ktwotwo/Project/stwotwo/config/initializers/devise.rb": [
        null,
        null,
        1,
        null,
        null,
        null,
        null,
        null,
        null,
        null,
        null,
        null,
        null,
        null,
        1,
        null,
        null,
        null,
        null,
        null,
        null,
        null,
        null,
        null,
        null,
        null,
        1,
        null,
        null,
        null,
        null,
        null,
        null,
        null,
        null,
        null,
        null,
        null,
        null,
        null,
        null,
        null,
        null,
        null,
        null,
        null,
        null,
        null,
        1,
        null,
        null,
        null,
        null,
        1,
        null,
        null,
        null,
        null,
        null,
        null,
        null,
        null,
        null,
        null,
        null,
        null,
        null,
        null,
        null,
        null,
        null,
        null,
        null,
        null,
        null,
        null,
        null,
        null,
        null,
        null,
        null,
        null,
        null,
        null,
        1,
        null,
        null,
        null,
        null,
        null,
        null,
        null,
        null,
        null,
        null,
        null,
        null,
        null,
        null,
        null,
        null,
        null,
        null,
        null,
        null,
        null,
        null,
        1,
        null,
        null,
        null,
        null,
        null,
        null,
        null,
        null,
        null,
        null,
        null,
        null,
        null,
        null,
        null,
        null,
        null,
        null,
        null,
        null,
        null,
        null,
        null,
        null,
        null,
        null,
        null,
        1,
        null,
        null,
        null,
        null,
        null,
        null,
        null,
        null,
        null,
        1,
        null,
        null,
        null,
        null,
        null,
        null,
        null,
        null,
        null,
        null,
        1,
        null,
        null,
        null,
        null,
        1,
        null,
        null,
        null,
        null,
        null,
        null,
        null,
        null,
        null,
        null,
        null,
        null,
        null,
        null,
        null,
        null,
        null,
        null,
        null,
        null,
        null,
        null,
        null,
        null,
        null,
        null,
        null,
        null,
        null,
        null,
        null,
        null,
        null,
        null,
        null,
        null,
        null,
        null,
        null,
        null,
        1,
        null,
        null,
        null,
        null,
        null,
        null,
        null,
        null,
        null,
        null,
        null,
        null,
        null,
        null,
        null,
        null,
        null,
        null,
        null,
        null,
        null,
        null,
        null,
        null,
        null,
        null,
        null,
        null,
        null,
        null,
        null,
        null,
        null,
        null,
        null,
        null,
        null,
        null,
        null,
        null,
        null,
        1,
        null,
        null,
        null,
        null,
        null,
        null,
        null,
        null,
        null,
        null,
        null,
        null,
        null,
        null,
        null,
        null,
        null,
        null,
        null,
        null,
        null,
        null,
        null,
        null,
        null,
        null,
        null,
        null,
        null
      ],
      "/Users/ktwotwo/Project/stwotwo/config/initializers/filter_parameter_logging.rb": [
        null,
        null,
        null,
        1
      ],
      "/Users/ktwotwo/Project/stwotwo/config/initializers/inflections.rb": [
        null,
        null,
        null,
        null,
        null,
        null,
        null,
        null,
        null,
        null,
        null,
        null,
        null,
        null,
        null,
        null
      ],
      "/Users/ktwotwo/Project/stwotwo/config/initializers/mime_types.rb": [
        null,
        null,
        null,
        null
      ],
      "/Users/ktwotwo/Project/stwotwo/config/initializers/new_framework_defaults.rb": [
        null,
        null,
        null,
        null,
        null,
        null,
        null,
        1,
        null,
        null,
        1,
        null,
        null,
        null,
        1,
        null,
        null,
        1,
        null,
        null,
        1,
        null,
        null,
        1
      ],
      "/Users/ktwotwo/Project/stwotwo/config/initializers/session_store.rb": [
        null,
        null,
        1
      ],
      "/Users/ktwotwo/Project/stwotwo/config/initializers/wrap_parameters.rb": [
        null,
        null,
        null,
        null,
        null,
        null,
        1,
        2,
        null,
        null,
        null,
        null,
        null,
        null
      ],
      "/Users/ktwotwo/Project/stwotwo/app/helpers/application_helper.rb": [
        1,
        null
      ],
      "/Users/ktwotwo/Project/stwotwo/app/helpers/leads_helper.rb": [
        1,
        null
      ],
      "/Users/ktwotwo/Project/stwotwo/app/helpers/organisations_helper.rb": [
        1,
        null
      ],
      "/Users/ktwotwo/Project/stwotwo/app/helpers/static_pages_helper.rb": [
        1,
        null
      ],
      "/Users/ktwotwo/Project/stwotwo/spec/factories/leads.rb": [
        1,
        1,
        null,
        null,
        null
      ],
      "/Users/ktwotwo/Project/stwotwo/spec/factories/organisations.rb": [
        1,
        1,
        null,
        null,
        null
      ],
      "/Users/ktwotwo/Project/stwotwo/config/routes.rb": [
        1,
        1,
        1,
        1,
        null
      ],
      "/Users/ktwotwo/Project/stwotwo/spec/support/factory_girl.rb": [
        1,
        1,
        null
      ],
      "/Users/ktwotwo/Project/stwotwo/app/controllers/leads_controller.rb": [
        1,
        null,
        1,
        0,
        null,
        null,
        1,
        0,
        0,
        0,
        0,
        0,
        0,
        0,
        0,
        null,
        0,
        null,
        null,
        null,
        null,
        null,
        1,
        null,
        1,
        0,
        null,
        null
      ],
      "/Users/ktwotwo/Project/stwotwo/app/controllers/application_controller.rb": [
        1,
        1,
        null
      ],
      "/Users/ktwotwo/Project/stwotwo/spec/controllers/organisations_controller_spec.rb": [
        1,
        null,
        1,
        null,
        null
      ],
      "/Users/ktwotwo/Project/stwotwo/app/controllers/organisations_controller.rb": [
        1,
        null,
        1,
        null,
        null,
        null,
        1,
        null,
        1,
        0,
        null,
        null
      ],
      "/Users/ktwotwo/Project/stwotwo/spec/controllers/static_pages_controller_spec.rb": [
        1,
        null,
        1,
        null,
        null
      ],
      "/Users/ktwotwo/Project/stwotwo/app/controllers/static_pages_controller.rb": [
        1,
        null
      ],
      "/Users/ktwotwo/Project/stwotwo/spec/helpers/leads_helper_spec.rb": [
        1,
        null,
        null,
        null,
        null,
        null,
        null,
        null,
        null,
        null,
        null,
        null,
        1,
        1,
        null
      ],
      "/Users/ktwotwo/Project/stwotwo/spec/helpers/organisations_helper_spec.rb": [
        1,
        null,
        null,
        null,
        null,
        null,
        null,
        null,
        null,
        null,
        null,
        null,
        1,
        1,
        null
      ],
      "/Users/ktwotwo/Project/stwotwo/spec/helpers/static_pages_helper_spec.rb": [
        1,
        null,
        null,
        null,
        null,
        null,
        null,
        null,
        null,
        null,
        null,
        null,
        1,
        1,
        null
      ],
      "/Users/ktwotwo/Project/stwotwo/spec/models/lead_spec.rb": [
        1,
        null,
        1,
        2,
        2,
        2,
        2,
        null,
        2,
        2,
        2,
        null
      ],
      "/Users/ktwotwo/Project/stwotwo/app/models/lead.rb": [
        1,
        1,
        null,
        1,
        1,
        1,
        null,
        1,
        1,
        0,
        null,
        null,
        null
      ],
      "/Users/ktwotwo/Project/stwotwo/app/models/application_record.rb": [
        1,
        1,
        null
      ],
      "/Users/ktwotwo/Project/stwotwo/spec/models/organisation_spec.rb": [
        1,
        null,
        1,
        2,
        2,
        2,
        2,
        2,
        2,
        2,
        null
      ],
      "/Users/ktwotwo/Project/stwotwo/app/models/organisation.rb": [
        1,
        1,
        null,
        1,
        1,
        1,
        null,
        1,
        1,
        0,
        null,
        null,
        null,
        null,
        null,
        null,
        null,
        null
      ]
    },
    "timestamp": 1488780428
  }
}
